2014/05/14 05:25:35 [error] [php] Undefined variable: model (D:\www\food\food\protected\views\site\index.php:10)
Stack trace:
#0 D:\www\food\framework\web\CController.php(869): SiteController->renderFile()
#1 D:\www\food\framework\web\CController.php(782): SiteController->renderPartial()
#2 D:\www\food\food\protected\controllers\SiteController.php(17): SiteController->render()
#3 D:\www\food\framework\web\actions\CInlineAction.php(49): SiteController->actionIndex()
#4 D:\www\food\framework\web\CController.php(308): CInlineAction->runWithParams()
#5 D:\www\food\framework\web\CController.php(286): SiteController->runAction()
#6 D:\www\food\framework\web\CController.php(265): SiteController->runActionWithFilters()
#7 D:\www\food\framework\web\CWebApplication.php(282): SiteController->run()
#8 D:\www\food\framework\web\CWebApplication.php(141): CWebApplication->runController()
#9 D:\www\food\framework\base\CApplication.php(180): CWebApplication->processRequest()
#10 D:\www\food\food\index.php(13): CWebApplication->run()
REQUEST_URI=/food/food/
in D:\www\food\food\protected\views\site\index.php (10)
in D:\www\food\food\protected\controllers\SiteController.php (17)
in D:\www\food\food\index.php (13)
2014/05/14 05:42:56 [error] [exception.CException] exception 'CException' with message 'Property "SiteController.model" is not defined.' in D:\www\food\framework\base\CComponent.php:173
Stack trace:
#0 D:\www\food\food\protected\controllers\SiteController.php(15): CComponent->__set('model', Object(UploadForm))
#1 D:\www\food\framework\web\actions\CInlineAction.php(49): SiteController->actionIndex()
#2 D:\www\food\framework\web\CController.php(308): CInlineAction->runWithParams(Array)
#3 D:\www\food\framework\web\CController.php(286): CController->runAction(Object(CInlineAction))
#4 D:\www\food\framework\web\CController.php(265): CController->runActionWithFilters(Object(CInlineAction), Array)
#5 D:\www\food\framework\web\CWebApplication.php(282): CController->run('')
#6 D:\www\food\framework\web\CWebApplication.php(141): CWebApplication->runController('')
#7 D:\www\food\framework\base\CApplication.php(180): CWebApplication->processRequest()
#8 D:\www\food\food\index.php(13): CApplication->run()
#9 {main}
REQUEST_URI=/food/food/
HTTP_REFERER=http://localhost/food/
---
2014/05/14 05:43:42 [error] [exception.CException] exception 'CException' with message 'Property "SiteController.model" is not defined.' in D:\www\food\framework\base\CComponent.php:173
Stack trace:
#0 D:\www\food\food\protected\controllers\SiteController.php(15): CComponent->__set('model', Object(UploadForm))
#1 D:\www\food\framework\web\actions\CInlineAction.php(49): SiteController->actionIndex()
#2 D:\www\food\framework\web\CController.php(308): CInlineAction->runWithParams(Array)
#3 D:\www\food\framework\web\CController.php(286): CController->runAction(Object(CInlineAction))
#4 D:\www\food\framework\web\CController.php(265): CController->runActionWithFilters(Object(CInlineAction), Array)
#5 D:\www\food\framework\web\CWebApplication.php(282): CController->run('')
#6 D:\www\food\framework\web\CWebApplication.php(141): CWebApplication->runController('')
#7 D:\www\food\framework\base\CApplication.php(180): CWebApplication->processRequest()
#8 D:\www\food\food\index.php(13): CApplication->run()
#9 {main}
REQUEST_URI=/food/food/
HTTP_REFERER=http://localhost/food/
---
2014/05/14 05:43:53 [error] [exception.CException] exception 'CException' with message 'Property "SiteController.uploadForm" is not defined.' in D:\www\food\framework\base\CComponent.php:173
Stack trace:
#0 D:\www\food\food\protected\controllers\SiteController.php(15): CComponent->__set('uploadForm', Object(UploadForm))
#1 D:\www\food\framework\web\actions\CInlineAction.php(49): SiteController->actionIndex()
#2 D:\www\food\framework\web\CController.php(308): CInlineAction->runWithParams(Array)
#3 D:\www\food\framework\web\CController.php(286): CController->runAction(Object(CInlineAction))
#4 D:\www\food\framework\web\CController.php(265): CController->runActionWithFilters(Object(CInlineAction), Array)
#5 D:\www\food\framework\web\CWebApplication.php(282): CController->run('')
#6 D:\www\food\framework\web\CWebApplication.php(141): CWebApplication->runController('')
#7 D:\www\food\framework\base\CApplication.php(180): CWebApplication->processRequest()
#8 D:\www\food\food\index.php(13): CApplication->run()
#9 {main}
REQUEST_URI=/food/food/
HTTP_REFERER=http://localhost/food/
---
2014/05/14 05:44:25 [error] [php] Undefined variable: uploadForm (D:\www\food\food\protected\views\site\index.php:10)
Stack trace:
#0 D:\www\food\framework\web\CController.php(869): SiteController->renderFile()
#1 D:\www\food\framework\web\CController.php(782): SiteController->renderPartial()
#2 D:\www\food\food\protected\controllers\SiteController.php(19): SiteController->render()
#3 D:\www\food\framework\web\actions\CInlineAction.php(49): SiteController->actionIndex()
#4 D:\www\food\framework\web\CController.php(308): CInlineAction->runWithParams()
#5 D:\www\food\framework\web\CController.php(286): SiteController->runAction()
#6 D:\www\food\framework\web\CController.php(265): SiteController->runActionWithFilters()
#7 D:\www\food\framework\web\CWebApplication.php(282): SiteController->run()
#8 D:\www\food\framework\web\CWebApplication.php(141): CWebApplication->runController()
#9 D:\www\food\framework\base\CApplication.php(180): CWebApplication->processRequest()
#10 D:\www\food\food\index.php(13): CWebApplication->run()
REQUEST_URI=/food/food/
in D:\www\food\food\protected\views\site\index.php (10)
in D:\www\food\food\protected\controllers\SiteController.php (19)
in D:\www\food\food\index.php (13)
2014/05/14 05:44:56 [error] [php] Undefined variable: uploadForm (D:\www\food\food\protected\views\site\index.php:14)
Stack trace:
#0 D:\www\food\framework\web\CController.php(869): SiteController->renderFile()
#1 D:\www\food\framework\web\CController.php(782): SiteController->renderPartial()
#2 D:\www\food\food\protected\controllers\SiteController.php(19): SiteController->render()
#3 D:\www\food\framework\web\actions\CInlineAction.php(49): SiteController->actionIndex()
#4 D:\www\food\framework\web\CController.php(308): CInlineAction->runWithParams()
#5 D:\www\food\framework\web\CController.php(286): SiteController->runAction()
#6 D:\www\food\framework\web\CController.php(265): SiteController->runActionWithFilters()
#7 D:\www\food\framework\web\CWebApplication.php(282): SiteController->run()
#8 D:\www\food\framework\web\CWebApplication.php(141): CWebApplication->runController()
#9 D:\www\food\framework\base\CApplication.php(180): CWebApplication->processRequest()
#10 D:\www\food\food\index.php(13): CWebApplication->run()
REQUEST_URI=/food/food/
in D:\www\food\food\protected\views\site\index.php (14)
in D:\www\food\food\protected\controllers\SiteController.php (19)
in D:\www\food\food\index.php (13)
2014/05/14 05:46:01 [error] [exception.CException] exception 'CException' with message 'Property "UploadForm.username" is not defined.' in D:\www\food\framework\base\CComponent.php:130
Stack trace:
#0 D:\www\food\framework\web\helpers\CHtml.php(2529): CComponent->__get('username')
#1 D:\www\food\framework\web\helpers\CHtml.php(2252): CHtml::resolveValue(Object(UploadForm), 'username')
#2 D:\www\food\framework\web\helpers\CHtml.php(1434): CHtml::activeInputField('text', Object(UploadForm), 'username', Array)
#3 D:\www\food\food\protected\views\site\index.php(14): CHtml::activeTextField(Object(UploadForm), 'username')
#4 D:\www\food\framework\web\CBaseController.php(126): require('D:\www\food\foo...')
#5 D:\www\food\framework\web\CBaseController.php(95): CBaseController->renderInternal('D:\www\food\foo...', Array, true)
#6 D:\www\food\framework\web\CController.php(869): CBaseController->renderFile('D:\www\food\foo...', Array, true)
#7 D:\www\food\framework\web\CController.php(782): CController->renderPartial('index', Array, true)
#8 D:\www\food\food\protected\controllers\SiteController.php(19): CController->render('index', Array)
#9 D:\www\food\framework\web\actions\CInlineAction.php(49): SiteController->actionIndex()
#10 D:\www\food\framework\web\CController.php(308): CInlineAction->runWithParams(Array)
#11 D:\www\food\framework\web\CController.php(286): CController->runAction(Object(CInlineAction))
#12 D:\www\food\framework\web\CController.php(265): CController->runActionWithFilters(Object(CInlineAction), Array)
#13 D:\www\food\framework\web\CWebApplication.php(282): CController->run('')
#14 D:\www\food\framework\web\CWebApplication.php(141): CWebApplication->runController('')
#15 D:\www\food\framework\base\CApplication.php(180): CWebApplication->processRequest()
#16 D:\www\food\food\index.php(13): CApplication->run()
#17 {main}
REQUEST_URI=/food/food/
HTTP_REFERER=http://localhost/food/
---
2014/05/14 05:59:20 [error] [php] Undefined variable: model (D:\www\food\food\protected\views\site\index.php:15)
Stack trace:
#0 D:\www\food\framework\web\CController.php(869): SiteController->renderFile()
#1 D:\www\food\framework\web\CController.php(782): SiteController->renderPartial()
#2 D:\www\food\food\protected\controllers\SiteController.php(19): SiteController->render()
#3 D:\www\food\framework\web\actions\CInlineAction.php(49): SiteController->actionIndex()
#4 D:\www\food\framework\web\CController.php(308): CInlineAction->runWithParams()
#5 D:\www\food\framework\web\CController.php(286): SiteController->runAction()
#6 D:\www\food\framework\web\CController.php(265): SiteController->runActionWithFilters()
#7 D:\www\food\framework\web\CWebApplication.php(282): SiteController->run()
#8 D:\www\food\framework\web\CWebApplication.php(141): CWebApplication->runController()
#9 D:\www\food\framework\base\CApplication.php(180): CWebApplication->processRequest()
#10 D:\www\food\food\index.php(13): CWebApplication->run()
REQUEST_URI=/food/food/
in D:\www\food\food\protected\views\site\index.php (15)
in D:\www\food\food\protected\controllers\SiteController.php (19)
in D:\www\food\food\index.php (13)
2014/05/14 06:05:49 [error] [php] Object of class UploadForm could not be converted to string (D:\www\food\framework\web\helpers\CHtml.php:162)
Stack trace:
#0 D:\www\food\framework\web\CBaseController.php(126): require()
#1 D:\www\food\framework\web\CBaseController.php(95): SiteController->renderInternal()
#2 D:\www\food\framework\web\CController.php(869): SiteController->renderFile()
#3 D:\www\food\framework\web\CController.php(782): SiteController->renderPartial()
#4 D:\www\food\food\protected\controllers\SiteController.php(29): SiteController->render()
#5 D:\www\food\framework\web\actions\CInlineAction.php(49): SiteController->actionIndex()
#6 D:\www\food\framework\web\CController.php(308): CInlineAction->runWithParams()
#7 D:\www\food\framework\web\CController.php(286): SiteController->runAction()
#8 D:\www\food\framework\web\CController.php(265): SiteController->runActionWithFilters()
#9 D:\www\food\framework\web\CWebApplication.php(282): SiteController->run()
#10 D:\www\food\framework\web\CWebApplication.php(141): CWebApplication->runController()
#11 D:\www\food\framework\base\CApplication.php(180): CWebApplication->processRequest()
#12 D:\www\food\food\index.php(13): CWebApplication->run()
REQUEST_URI=/food/food/
in D:\www\food\food\protected\views\site\index.php (9)
in D:\www\food\food\protected\controllers\SiteController.php (29)
in D:\www\food\food\index.php (13)
2014/05/14 06:09:00 [error] [php] Undefined variable: model (D:\www\food\food\protected\views\site\index.php:6)
Stack trace:
#0 D:\www\food\framework\web\CController.php(869): SiteController->renderFile()
#1 D:\www\food\framework\web\CController.php(782): SiteController->renderPartial()
#2 D:\www\food\food\protected\controllers\SiteController.php(29): SiteController->render()
#3 D:\www\food\framework\web\actions\CInlineAction.php(49): SiteController->actionIndex()
#4 D:\www\food\framework\web\CController.php(308): CInlineAction->runWithParams()
#5 D:\www\food\framework\web\CController.php(286): SiteController->runAction()
#6 D:\www\food\framework\web\CController.php(265): SiteController->runActionWithFilters()
#7 D:\www\food\framework\web\CWebApplication.php(282): SiteController->run()
#8 D:\www\food\framework\web\CWebApplication.php(141): CWebApplication->runController()
#9 D:\www\food\framework\base\CApplication.php(180): CWebApplication->processRequest()
#10 D:\www\food\food\index.php(13): CWebApplication->run()
REQUEST_URI=/food/food/
in D:\www\food\food\protected\views\site\index.php (6)
in D:\www\food\food\protected\controllers\SiteController.php (29)
in D:\www\food\food\index.php (13)
2014/05/14 06:37:33 [error] [php] Undefined index: Item (D:\www\food\food\protected\controllers\SiteController.php:19)
Stack trace:
#0 D:\www\food\framework\web\CController.php(286): SiteController->runAction()
#1 D:\www\food\framework\web\CController.php(265): SiteController->runActionWithFilters()
#2 D:\www\food\framework\web\CWebApplication.php(282): SiteController->run()
#3 D:\www\food\framework\web\CWebApplication.php(141): CWebApplication->runController()
#4 D:\www\food\framework\base\CApplication.php(180): CWebApplication->processRequest()
#5 D:\www\food\food\index.php(13): CWebApplication->run()
REQUEST_URI=/food/food/
in D:\www\food\food\protected\controllers\SiteController.php (19)
in D:\www\food\food\index.php (13)
2014/05/14 06:38:48 [warning] [application] Failed to set unsafe attribute "fridge" of "UploadForm".
in D:\www\food\food\protected\models\SiteModel.php (7)
in D:\www\food\food\protected\controllers\SiteController.php (17)
in D:\www\food\food\index.php (13)
2014/05/14 06:38:48 [warning] [application] Failed to set unsafe attribute "recipe" of "UploadForm".
in D:\www\food\food\protected\models\SiteModel.php (7)
in D:\www\food\food\protected\controllers\SiteController.php (17)
in D:\www\food\food\index.php (13)
2014/05/14 06:38:48 [error] [php] Undefined variable: model (D:\www\food\food\protected\models\SiteModel.php:9)
Stack trace:
#0 D:\www\food\framework\web\CController.php(308): CInlineAction->runWithParams()
#1 D:\www\food\framework\web\CController.php(286): SiteController->runAction()
#2 D:\www\food\framework\web\CController.php(265): SiteController->runActionWithFilters()
#3 D:\www\food\framework\web\CWebApplication.php(282): SiteController->run()
#4 D:\www\food\framework\web\CWebApplication.php(141): CWebApplication->runController()
#5 D:\www\food\framework\base\CApplication.php(180): CWebApplication->processRequest()
#6 D:\www\food\food\index.php(13): CWebApplication->run()
REQUEST_URI=/food/food/
in D:\www\food\food\protected\models\SiteModel.php (9)
in D:\www\food\food\protected\controllers\SiteController.php (17)
in D:\www\food\food\index.php (13)
2014/05/14 06:39:20 [warning] [application] Failed to set unsafe attribute "fridge" of "UploadForm".
in D:\www\food\food\protected\models\SiteModel.php (7)
in D:\www\food\food\protected\controllers\SiteController.php (17)
in D:\www\food\food\index.php (13)
2014/05/14 06:39:20 [warning] [application] Failed to set unsafe attribute "recipe" of "UploadForm".
in D:\www\food\food\protected\models\SiteModel.php (7)
in D:\www\food\food\protected\controllers\SiteController.php (17)
in D:\www\food\food\index.php (13)
2014/05/14 06:39:20 [error] [exception.CException] exception 'CException' with message 'UploadForm and its behaviors do not have a method or closure named "save".' in D:\www\food\framework\base\CComponent.php:266
Stack trace:
#0 D:\www\food\food\protected\models\SiteModel.php(11): CComponent->__call('save', Array)
#1 D:\www\food\food\protected\models\SiteModel.php(11): UploadForm->save()
#2 D:\www\food\food\protected\controllers\SiteController.php(17): SiteModel->processForm(Array)
#3 D:\www\food\framework\web\actions\CInlineAction.php(49): SiteController->actionIndex()
#4 D:\www\food\framework\web\CController.php(308): CInlineAction->runWithParams(Array)
#5 D:\www\food\framework\web\CController.php(286): CController->runAction(Object(CInlineAction))
#6 D:\www\food\framework\web\CController.php(265): CController->runActionWithFilters(Object(CInlineAction), Array)
#7 D:\www\food\framework\web\CWebApplication.php(282): CController->run('')
#8 D:\www\food\framework\web\CWebApplication.php(141): CWebApplication->runController('')
#9 D:\www\food\framework\base\CApplication.php(180): CWebApplication->processRequest()
#10 D:\www\food\food\index.php(13): CApplication->run()
#11 {main}
REQUEST_URI=/food/food/
HTTP_REFERER=http://localhost/food/food/
---
2014/05/14 06:47:37 [error] [php] include(FoodModel.php): failed to open stream: No such file or directory (D:\www\food\framework\YiiBase.php:427)
Stack trace:
#0 D:\www\food\food\protected\models\SiteModel.php(5): spl_autoload_call()
#1 D:\www\food\food\protected\controllers\SiteController.php(17): SiteModel->processForm()
#2 D:\www\food\framework\web\actions\CInlineAction.php(49): SiteController->actionIndex()
#3 D:\www\food\framework\web\CController.php(308): CInlineAction->runWithParams()
#4 D:\www\food\framework\web\CController.php(286): SiteController->runAction()
#5 D:\www\food\framework\web\CController.php(265): SiteController->runActionWithFilters()
#6 D:\www\food\framework\web\CWebApplication.php(282): SiteController->run()
#7 D:\www\food\framework\web\CWebApplication.php(141): CWebApplication->runController()
#8 D:\www\food\framework\base\CApplication.php(180): CWebApplication->processRequest()
#9 D:\www\food\food\index.php(13): CWebApplication->run()
REQUEST_URI=/food/food/
in D:\www\food\food\protected\models\SiteModel.php (5)
in D:\www\food\food\protected\controllers\SiteController.php (17)
in D:\www\food\food\index.php (13)
2014/05/14 06:48:24 [error] [exception.CDbException] exception 'CDbException' with message 'The table "FoodModel" for active record class "FoodModel" cannot be found in the database.' in D:\www\food\framework\db\ar\CActiveRecord.php:2362
Stack trace:
#0 D:\www\food\framework\db\ar\CActiveRecord.php(411): CActiveRecordMetaData->__construct(Object(FoodModel))
#1 D:\www\food\framework\db\ar\CActiveRecord.php(79): CActiveRecord->getMetaData()
#2 D:\www\food\food\protected\models\SiteModel.php(5): CActiveRecord->__construct()
#3 D:\www\food\food\protected\controllers\SiteController.php(17): SiteModel->processForm(Array)
#4 D:\www\food\framework\web\actions\CInlineAction.php(49): SiteController->actionIndex()
#5 D:\www\food\framework\web\CController.php(308): CInlineAction->runWithParams(Array)
#6 D:\www\food\framework\web\CController.php(286): CController->runAction(Object(CInlineAction))
#7 D:\www\food\framework\web\CController.php(265): CController->runActionWithFilters(Object(CInlineAction), Array)
#8 D:\www\food\framework\web\CWebApplication.php(282): CController->run('')
#9 D:\www\food\framework\web\CWebApplication.php(141): CWebApplication->runController('')
#10 D:\www\food\framework\base\CApplication.php(180): CWebApplication->processRequest()
#11 D:\www\food\food\index.php(13): CApplication->run()
#12 {main}
REQUEST_URI=/food/food/
HTTP_REFERER=http://localhost/food/food/
---
2014/05/14 06:50:53 [error] [php] Missing argument 1 for CForm::__construct(), called in D:\www\food\food\protected\models\SiteModel.php on line 5 and defined (D:\www\food\framework\web\form\CForm.php:165)
Stack trace:
#0 D:\www\food\framework\web\actions\CInlineAction.php(49): SiteController->actionIndex()
#1 D:\www\food\framework\web\CController.php(308): CInlineAction->runWithParams()
#2 D:\www\food\framework\web\CController.php(286): SiteController->runAction()
#3 D:\www\food\framework\web\CController.php(265): SiteController->runActionWithFilters()
#4 D:\www\food\framework\web\CWebApplication.php(282): SiteController->run()
#5 D:\www\food\framework\web\CWebApplication.php(141): CWebApplication->runController()
#6 D:\www\food\framework\base\CApplication.php(180): CWebApplication->processRequest()
#7 D:\www\food\food\index.php(13): CWebApplication->run()
REQUEST_URI=/food/food/
in D:\www\food\food\protected\models\SiteModel.php (5)
in D:\www\food\food\protected\controllers\SiteController.php (17)
in D:\www\food\food\index.php (13)
2014/05/14 06:52:20 [warning] [application] Failed to set unsafe attribute "fridge" of "FoodModel".
in D:\www\food\food\protected\models\SiteModel.php (7)
in D:\www\food\food\protected\controllers\SiteController.php (17)
in D:\www\food\food\index.php (13)
2014/05/14 06:52:20 [warning] [application] Failed to set unsafe attribute "recipe" of "FoodModel".
in D:\www\food\food\protected\models\SiteModel.php (7)
in D:\www\food\food\protected\controllers\SiteController.php (17)
in D:\www\food\food\index.php (13)
2014/05/14 06:52:20 [error] [exception.CException] exception 'CException' with message 'FoodModel and its behaviors do not have a method or closure named "save".' in D:\www\food\framework\base\CComponent.php:266
Stack trace:
#0 D:\www\food\food\protected\models\SiteModel.php(11): CComponent->__call('save', Array)
#1 D:\www\food\food\protected\models\SiteModel.php(11): FoodModel->save()
#2 D:\www\food\food\protected\controllers\SiteController.php(17): SiteModel->processForm(Array)
#3 D:\www\food\framework\web\actions\CInlineAction.php(49): SiteController->actionIndex()
#4 D:\www\food\framework\web\CController.php(308): CInlineAction->runWithParams(Array)
#5 D:\www\food\framework\web\CController.php(286): CController->runAction(Object(CInlineAction))
#6 D:\www\food\framework\web\CController.php(265): CController->runActionWithFilters(Object(CInlineAction), Array)
#7 D:\www\food\framework\web\CWebApplication.php(282): CController->run('')
#8 D:\www\food\framework\web\CWebApplication.php(141): CWebApplication->runController('')
#9 D:\www\food\framework\base\CApplication.php(180): CWebApplication->processRequest()
#10 D:\www\food\food\index.php(13): CApplication->run()
#11 {main}
REQUEST_URI=/food/food/
HTTP_REFERER=http://localhost/food/food/
---
2014/05/14 06:53:55 [warning] [application] Failed to set unsafe attribute "fridge" of "FoodModel".
in D:\www\food\food\protected\models\SiteModel.php (7)
in D:\www\food\food\protected\controllers\SiteController.php (17)
in D:\www\food\food\index.php (13)
2014/05/14 06:53:55 [warning] [application] Failed to set unsafe attribute "recipe" of "FoodModel".
in D:\www\food\food\protected\models\SiteModel.php (7)
in D:\www\food\food\protected\controllers\SiteController.php (17)
in D:\www\food\food\index.php (13)
2014/05/14 07:06:51 [error] [php] include(FoodModel.php): failed to open stream: No such file or directory (D:\www\food\framework\YiiBase.php:427)
Stack trace:
#0 D:\www\food\food\protected\models\SiteModel.php(5): spl_autoload_call()
#1 D:\www\food\food\protected\controllers\SiteController.php(17): SiteModel->processForm()
#2 D:\www\food\framework\web\actions\CInlineAction.php(49): SiteController->actionIndex()
#3 D:\www\food\framework\web\CController.php(308): CInlineAction->runWithParams()
#4 D:\www\food\framework\web\CController.php(286): SiteController->runAction()
#5 D:\www\food\framework\web\CController.php(265): SiteController->runActionWithFilters()
#6 D:\www\food\framework\web\CWebApplication.php(282): SiteController->run()
#7 D:\www\food\framework\web\CWebApplication.php(141): CWebApplication->runController()
#8 D:\www\food\framework\base\CApplication.php(180): CWebApplication->processRequest()
#9 D:\www\food\food\index.php(13): CWebApplication->run()
REQUEST_URI=/food/food/
in D:\www\food\food\protected\models\SiteModel.php (5)
in D:\www\food\food\protected\controllers\SiteController.php (17)
in D:\www\food\food\index.php (13)
2014/05/14 07:08:00 [error] [php] include(FoodModel.php): failed to open stream: No such file or directory (D:\www\food\framework\YiiBase.php:427)
Stack trace:
#0 D:\www\food\food\protected\controllers\SiteController.php(23): spl_autoload_call()
#1 D:\www\food\framework\web\actions\CInlineAction.php(49): SiteController->actionIndex()
#2 D:\www\food\framework\web\CController.php(308): CInlineAction->runWithParams()
#3 D:\www\food\framework\web\CController.php(286): SiteController->runAction()
#4 D:\www\food\framework\web\CController.php(265): SiteController->runActionWithFilters()
#5 D:\www\food\framework\web\CWebApplication.php(282): SiteController->run()
#6 D:\www\food\framework\web\CWebApplication.php(141): CWebApplication->runController()
#7 D:\www\food\framework\base\CApplication.php(180): CWebApplication->processRequest()
#8 D:\www\food\food\index.php(13): CWebApplication->run()
REQUEST_URI=/food/food/
in D:\www\food\food\protected\controllers\SiteController.php (23)
in D:\www\food\food\index.php (13)
2014/05/14 07:08:07 [error] [php] include(FoodModel.php): failed to open stream: No such file or directory (D:\www\food\framework\YiiBase.php:427)
Stack trace:
#0 D:\www\food\food\protected\controllers\SiteController.php(23): spl_autoload_call()
#1 D:\www\food\framework\web\actions\CInlineAction.php(49): SiteController->actionIndex()
#2 D:\www\food\framework\web\CController.php(308): CInlineAction->runWithParams()
#3 D:\www\food\framework\web\CController.php(286): SiteController->runAction()
#4 D:\www\food\framework\web\CController.php(265): SiteController->runActionWithFilters()
#5 D:\www\food\framework\web\CWebApplication.php(282): SiteController->run()
#6 D:\www\food\framework\web\CWebApplication.php(141): CWebApplication->runController()
#7 D:\www\food\framework\base\CApplication.php(180): CWebApplication->processRequest()
#8 D:\www\food\food\index.php(13): CWebApplication->run()
REQUEST_URI=/food/food/
in D:\www\food\food\protected\controllers\SiteController.php (23)
in D:\www\food\food\index.php (13)
2014/05/14 07:08:21 [error] [php] include(FoodModel.php): failed to open stream: No such file or directory (D:\www\food\framework\YiiBase.php:427)
Stack trace:
#0 D:\www\food\food\protected\controllers\SiteController.php(23): spl_autoload_call()
#1 D:\www\food\framework\web\actions\CInlineAction.php(49): SiteController->actionIndex()
#2 D:\www\food\framework\web\CController.php(308): CInlineAction->runWithParams()
#3 D:\www\food\framework\web\CController.php(286): SiteController->runAction()
#4 D:\www\food\framework\web\CController.php(265): SiteController->runActionWithFilters()
#5 D:\www\food\framework\web\CWebApplication.php(282): SiteController->run()
#6 D:\www\food\framework\web\CWebApplication.php(141): CWebApplication->runController()
#7 D:\www\food\framework\base\CApplication.php(180): CWebApplication->processRequest()
#8 D:\www\food\food\index.php(13): CWebApplication->run()
REQUEST_URI=/food/food/
in D:\www\food\food\protected\controllers\SiteController.php (23)
in D:\www\food\food\index.php (13)
2014/05/14 07:08:22 [error] [php] include(FoodModel.php): failed to open stream: No such file or directory (D:\www\food\framework\YiiBase.php:427)
Stack trace:
#0 D:\www\food\food\protected\controllers\SiteController.php(23): spl_autoload_call()
#1 D:\www\food\framework\web\actions\CInlineAction.php(49): SiteController->actionIndex()
#2 D:\www\food\framework\web\CController.php(308): CInlineAction->runWithParams()
#3 D:\www\food\framework\web\CController.php(286): SiteController->runAction()
#4 D:\www\food\framework\web\CController.php(265): SiteController->runActionWithFilters()
#5 D:\www\food\framework\web\CWebApplication.php(282): SiteController->run()
#6 D:\www\food\framework\web\CWebApplication.php(141): CWebApplication->runController()
#7 D:\www\food\framework\base\CApplication.php(180): CWebApplication->processRequest()
#8 D:\www\food\food\index.php(13): CWebApplication->run()
REQUEST_URI=/food/food/
in D:\www\food\food\protected\controllers\SiteController.php (23)
in D:\www\food\food\index.php (13)
2014/05/14 07:11:47 [warning] [application] Failed to set unsafe attribute "fridge" of "UploadModel".
in D:\www\food\food\protected\models\SiteModel.php (7)
in D:\www\food\food\protected\controllers\SiteController.php (17)
in D:\www\food\food\index.php (13)
2014/05/14 07:11:47 [warning] [application] Failed to set unsafe attribute "recipe" of "UploadModel".
in D:\www\food\food\protected\models\SiteModel.php (7)
in D:\www\food\food\protected\controllers\SiteController.php (17)
in D:\www\food\food\index.php (13)
2014/05/14 07:12:03 [warning] [application] Failed to set unsafe attribute "fridge" of "UploadModel".
in D:\www\food\food\protected\models\SiteModel.php (7)
in D:\www\food\food\protected\controllers\SiteController.php (17)
in D:\www\food\food\index.php (13)
2014/05/14 07:12:03 [warning] [application] Failed to set unsafe attribute "recipe" of "UploadModel".
in D:\www\food\food\protected\models\SiteModel.php (7)
in D:\www\food\food\protected\controllers\SiteController.php (17)
in D:\www\food\food\index.php (13)
2014/05/14 07:26:54 [warning] [application] Failed to set unsafe attribute "fridge" of "UploadModel".
in D:\www\food\food\protected\models\SiteModel.php (7)
in D:\www\food\food\protected\controllers\SiteController.php (17)
in D:\www\food\food\index.php (13)
2014/05/14 07:26:54 [warning] [application] Failed to set unsafe attribute "recipe" of "UploadModel".
in D:\www\food\food\protected\models\SiteModel.php (7)
in D:\www\food\food\protected\controllers\SiteController.php (17)
in D:\www\food\food\index.php (13)
2014/05/14 07:27:13 [warning] [application] Failed to set unsafe attribute "fridge" of "UploadModel".
in D:\www\food\food\protected\models\SiteModel.php (7)
in D:\www\food\food\protected\controllers\SiteController.php (17)
in D:\www\food\food\index.php (13)
2014/05/14 07:27:13 [warning] [application] Failed to set unsafe attribute "recipe" of "UploadModel".
in D:\www\food\food\protected\models\SiteModel.php (7)
in D:\www\food\food\protected\controllers\SiteController.php (17)
in D:\www\food\food\index.php (13)
2014/05/14 07:27:15 [warning] [application] Failed to set unsafe attribute "fridge" of "UploadModel".
in D:\www\food\food\protected\models\SiteModel.php (7)
in D:\www\food\food\protected\controllers\SiteController.php (17)
in D:\www\food\food\index.php (13)
2014/05/14 07:27:15 [warning] [application] Failed to set unsafe attribute "recipe" of "UploadModel".
in D:\www\food\food\protected\models\SiteModel.php (7)
in D:\www\food\food\protected\controllers\SiteController.php (17)
in D:\www\food\food\index.php (13)
2014/05/14 07:27:34 [warning] [application] Failed to set unsafe attribute "fridge" of "UploadModel".
in D:\www\food\food\protected\models\SiteModel.php (7)
in D:\www\food\food\protected\controllers\SiteController.php (17)
in D:\www\food\food\index.php (13)
2014/05/14 07:27:34 [warning] [application] Failed to set unsafe attribute "recipe" of "UploadModel".
in D:\www\food\food\protected\models\SiteModel.php (7)
in D:\www\food\food\protected\controllers\SiteController.php (17)
in D:\www\food\food\index.php (13)
2014/05/14 07:34:12 [warning] [application] Failed to set unsafe attribute "fridge" of "UploadModel".
in D:\www\food\food\protected\models\SiteModel.php (7)
in D:\www\food\food\protected\controllers\SiteController.php (17)
in D:\www\food\food\index.php (13)
2014/05/14 07:34:12 [warning] [application] Failed to set unsafe attribute "recipe" of "UploadModel".
in D:\www\food\food\protected\models\SiteModel.php (7)
in D:\www\food\food\protected\controllers\SiteController.php (17)
in D:\www\food\food\index.php (13)
2014/05/14 07:34:16 [warning] [application] Failed to set unsafe attribute "fridge" of "UploadModel".
in D:\www\food\food\protected\models\SiteModel.php (7)
in D:\www\food\food\protected\controllers\SiteController.php (17)
in D:\www\food\food\index.php (13)
2014/05/14 07:34:16 [warning] [application] Failed to set unsafe attribute "recipe" of "UploadModel".
in D:\www\food\food\protected\models\SiteModel.php (7)
in D:\www\food\food\protected\controllers\SiteController.php (17)
in D:\www\food\food\index.php (13)
2014/05/14 07:34:58 [warning] [application] Failed to set unsafe attribute "fridge" of "UploadModel".
in D:\www\food\food\protected\models\SiteModel.php (7)
in D:\www\food\food\protected\controllers\SiteController.php (17)
in D:\www\food\food\index.php (13)
2014/05/14 07:34:58 [warning] [application] Failed to set unsafe attribute "recipe" of "UploadModel".
in D:\www\food\food\protected\models\SiteModel.php (7)
in D:\www\food\food\protected\controllers\SiteController.php (17)
in D:\www\food\food\index.php (13)
2014/05/14 07:37:08 [warning] [application] Failed to set unsafe attribute "fridge" of "UploadModel".
in D:\www\food\food\protected\models\SiteModel.php (7)
in D:\www\food\food\protected\controllers\SiteController.php (17)
in D:\www\food\food\index.php (13)
2014/05/14 07:37:08 [warning] [application] Failed to set unsafe attribute "recipe" of "UploadModel".
in D:\www\food\food\protected\models\SiteModel.php (7)
in D:\www\food\food\protected\controllers\SiteController.php (17)
in D:\www\food\food\index.php (13)
2014/05/14 07:38:16 [warning] [application] Failed to set unsafe attribute "fridge" of "UploadModel".
in D:\www\food\food\protected\models\SiteModel.php (7)
in D:\www\food\food\protected\controllers\SiteController.php (17)
in D:\www\food\food\index.php (13)
2014/05/14 07:38:16 [warning] [application] Failed to set unsafe attribute "recipe" of "UploadModel".
in D:\www\food\food\protected\models\SiteModel.php (7)
in D:\www\food\food\protected\controllers\SiteController.php (17)
in D:\www\food\food\index.php (13)
2014/05/14 07:39:04 [warning] [application] Failed to set unsafe attribute "fridge" of "UploadModel".
in D:\www\food\food\protected\models\SiteModel.php (7)
in D:\www\food\food\protected\controllers\SiteController.php (17)
in D:\www\food\food\index.php (13)
2014/05/14 07:39:04 [warning] [application] Failed to set unsafe attribute "recipe" of "UploadModel".
in D:\www\food\food\protected\models\SiteModel.php (7)
in D:\www\food\food\protected\controllers\SiteController.php (17)
in D:\www\food\food\index.php (13)
2014/05/14 07:39:22 [warning] [application] Failed to set unsafe attribute "fridge" of "UploadModel".
in D:\www\food\food\protected\models\SiteModel.php (7)
in D:\www\food\food\protected\controllers\SiteController.php (17)
in D:\www\food\food\index.php (13)
2014/05/14 07:39:22 [warning] [application] Failed to set unsafe attribute "recipe" of "UploadModel".
in D:\www\food\food\protected\models\SiteModel.php (7)
in D:\www\food\food\protected\controllers\SiteController.php (17)
in D:\www\food\food\index.php (13)
2014/05/14 07:40:43 [warning] [application] Failed to set unsafe attribute "fridge" of "UploadModel".
in D:\www\food\food\protected\models\SiteModel.php (7)
in D:\www\food\food\protected\controllers\SiteController.php (17)
in D:\www\food\food\index.php (13)
2014/05/14 07:40:43 [warning] [application] Failed to set unsafe attribute "recipe" of "UploadModel".
in D:\www\food\food\protected\models\SiteModel.php (7)
in D:\www\food\food\protected\controllers\SiteController.php (17)
in D:\www\food\food\index.php (13)
2014/05/14 07:45:49 [warning] [application] Failed to set unsafe attribute "fridge" of "UploadModel".
in D:\www\food\food\protected\models\SiteModel.php (7)
in D:\www\food\food\protected\controllers\SiteController.php (17)
in D:\www\food\food\index.php (13)
2014/05/14 07:45:49 [warning] [application] Failed to set unsafe attribute "recipe" of "UploadModel".
in D:\www\food\food\protected\models\SiteModel.php (7)
in D:\www\food\food\protected\controllers\SiteController.php (17)
in D:\www\food\food\index.php (13)
2014/05/14 07:46:20 [warning] [application] Failed to set unsafe attribute "fridge" of "UploadModel".
in D:\www\food\food\protected\models\SiteModel.php (7)
in D:\www\food\food\protected\controllers\SiteController.php (17)
in D:\www\food\food\index.php (13)
2014/05/14 07:46:20 [warning] [application] Failed to set unsafe attribute "recipe" of "UploadModel".
in D:\www\food\food\protected\models\SiteModel.php (7)
in D:\www\food\food\protected\controllers\SiteController.php (17)
in D:\www\food\food\index.php (13)
2014/05/14 07:51:16 [warning] [application] Failed to set unsafe attribute "fridge" of "UploadModel".
in D:\www\food\food\protected\models\SiteModel.php (7)
in D:\www\food\food\protected\controllers\SiteController.php (17)
in D:\www\food\food\index.php (13)
2014/05/14 07:51:16 [warning] [application] Failed to set unsafe attribute "recipe" of "UploadModel".
in D:\www\food\food\protected\models\SiteModel.php (7)
in D:\www\food\food\protected\controllers\SiteController.php (17)
in D:\www\food\food\index.php (13)
2014/05/14 07:54:25 [warning] [application] Failed to set unsafe attribute "fridge" of "UploadModel".
in D:\www\food\food\protected\models\SiteModel.php (7)
in D:\www\food\food\protected\controllers\SiteController.php (17)
in D:\www\food\food\index.php (13)
2014/05/14 07:54:25 [warning] [application] Failed to set unsafe attribute "recipe" of "UploadModel".
in D:\www\food\food\protected\models\SiteModel.php (7)
in D:\www\food\food\protected\controllers\SiteController.php (17)
in D:\www\food\food\index.php (13)
2014/05/14 09:01:09 [warning] [application] Failed to set unsafe attribute "fridge" of "UploadModel".
in D:\www\food\food\protected\models\SiteModel.php (9)
in D:\www\food\food\protected\controllers\SiteController.php (17)
in D:\www\food\food\index.php (13)
2014/05/14 09:01:09 [warning] [application] Failed to set unsafe attribute "recipe" of "UploadModel".
in D:\www\food\food\protected\models\SiteModel.php (9)
in D:\www\food\food\protected\controllers\SiteController.php (17)
in D:\www\food\food\index.php (13)
2014/05/14 09:01:09 [error] [php] Argument 1 passed to SiteModel::parseFridge() must be an instance of string, string given, called in D:\www\food\food\protected\models\SiteModel.php on line 15 and defined (D:\www\food\food\protected\models\SiteModel.php:24)
Stack trace:
#0 D:\www\food\framework\web\actions\CInlineAction.php(49): SiteController->actionIndex()
#1 D:\www\food\framework\web\CController.php(308): CInlineAction->runWithParams()
#2 D:\www\food\framework\web\CController.php(286): SiteController->runAction()
#3 D:\www\food\framework\web\CController.php(265): SiteController->runActionWithFilters()
#4 D:\www\food\framework\web\CWebApplication.php(282): SiteController->run()
#5 D:\www\food\framework\web\CWebApplication.php(141): CWebApplication->runController()
#6 D:\www\food\framework\base\CApplication.php(180): CWebApplication->processRequest()
#7 D:\www\food\food\index.php(13): CWebApplication->run()
REQUEST_URI=/food/food/
in D:\www\food\food\protected\models\SiteModel.php (24)
in D:\www\food\food\protected\models\SiteModel.php (15)
in D:\www\food\food\protected\controllers\SiteController.php (17)
2014/05/14 09:03:44 [warning] [application] Failed to set unsafe attribute "fridge" of "UploadModel".
in D:\www\food\food\protected\models\SiteModel.php (9)
in D:\www\food\food\protected\controllers\SiteController.php (17)
in D:\www\food\food\index.php (13)
2014/05/14 09:03:44 [warning] [application] Failed to set unsafe attribute "recipe" of "UploadModel".
in D:\www\food\food\protected\models\SiteModel.php (9)
in D:\www\food\food\protected\controllers\SiteController.php (17)
in D:\www\food\food\index.php (13)
2014/05/14 09:04:03 [warning] [application] Failed to set unsafe attribute "fridge" of "UploadModel".
in D:\www\food\food\protected\models\SiteModel.php (9)
in D:\www\food\food\protected\controllers\SiteController.php (17)
in D:\www\food\food\index.php (13)
2014/05/14 09:04:03 [warning] [application] Failed to set unsafe attribute "recipe" of "UploadModel".
in D:\www\food\food\protected\models\SiteModel.php (9)
in D:\www\food\food\protected\controllers\SiteController.php (17)
in D:\www\food\food\index.php (13)
2014/05/14 09:14:36 [warning] [application] Failed to set unsafe attribute "fridge" of "UploadModel".
in D:\www\food\food\protected\models\SiteModel.php (9)
in D:\www\food\food\protected\controllers\SiteController.php (17)
in D:\www\food\food\index.php (13)
2014/05/14 09:14:36 [warning] [application] Failed to set unsafe attribute "recipe" of "UploadModel".
in D:\www\food\food\protected\models\SiteModel.php (9)
in D:\www\food\food\protected\controllers\SiteController.php (17)
in D:\www\food\food\index.php (13)
2014/05/14 09:19:11 [warning] [application] Failed to set unsafe attribute "fridge" of "UploadModel".
in D:\www\food\food\protected\models\SiteModel.php (14)
in D:\www\food\food\protected\controllers\SiteController.php (17)
in D:\www\food\food\index.php (13)
2014/05/14 09:19:11 [warning] [application] Failed to set unsafe attribute "recipe" of "UploadModel".
in D:\www\food\food\protected\models\SiteModel.php (14)
in D:\www\food\food\protected\controllers\SiteController.php (17)
in D:\www\food\food\index.php (13)
2014/05/14 09:19:25 [warning] [application] Failed to set unsafe attribute "fridge" of "UploadModel".
in D:\www\food\food\protected\models\SiteModel.php (14)
in D:\www\food\food\protected\controllers\SiteController.php (17)
in D:\www\food\food\index.php (13)
2014/05/14 09:19:25 [warning] [application] Failed to set unsafe attribute "recipe" of "UploadModel".
in D:\www\food\food\protected\models\SiteModel.php (14)
in D:\www\food\food\protected\controllers\SiteController.php (17)
in D:\www\food\food\index.php (13)
2014/05/14 09:22:59 [warning] [application] Failed to set unsafe attribute "fridge" of "UploadModel".
in D:\www\food\food\protected\models\SiteModel.php (14)
in D:\www\food\food\protected\controllers\SiteController.php (17)
in D:\www\food\food\index.php (13)
2014/05/14 09:22:59 [warning] [application] Failed to set unsafe attribute "recipe" of "UploadModel".
in D:\www\food\food\protected\models\SiteModel.php (14)
in D:\www\food\food\protected\controllers\SiteController.php (17)
in D:\www\food\food\index.php (13)
2014/05/14 09:42:31 [warning] [application] Failed to set unsafe attribute "fridge" of "UploadModel".
in D:\www\food\food\protected\models\SiteModel.php (14)
in D:\www\food\food\protected\controllers\SiteController.php (17)
in D:\www\food\food\index.php (13)
2014/05/14 09:42:31 [warning] [application] Failed to set unsafe attribute "recipe" of "UploadModel".
in D:\www\food\food\protected\models\SiteModel.php (14)
in D:\www\food\food\protected\controllers\SiteController.php (17)
in D:\www\food\food\index.php (13)
2014/05/14 09:43:15 [warning] [application] Failed to set unsafe attribute "fridge" of "UploadModel".
in D:\www\food\food\protected\models\SiteModel.php (14)
in D:\www\food\food\protected\controllers\SiteController.php (17)
in D:\www\food\food\index.php (13)
2014/05/14 09:43:15 [warning] [application] Failed to set unsafe attribute "recipe" of "UploadModel".
in D:\www\food\food\protected\models\SiteModel.php (14)
in D:\www\food\food\protected\controllers\SiteController.php (17)
in D:\www\food\food\index.php (13)
2014/05/14 09:48:24 [warning] [application] Failed to set unsafe attribute "fridge" of "UploadModel".
in D:\www\food\food\protected\models\SiteModel.php (14)
in D:\www\food\food\protected\controllers\SiteController.php (17)
in D:\www\food\food\index.php (13)
2014/05/14 09:48:24 [warning] [application] Failed to set unsafe attribute "recipe" of "UploadModel".
in D:\www\food\food\protected\models\SiteModel.php (14)
in D:\www\food\food\protected\controllers\SiteController.php (17)
in D:\www\food\food\index.php (13)
2014/05/14 09:49:55 [warning] [application] Failed to set unsafe attribute "fridge" of "UploadModel".
in D:\www\food\food\protected\models\SiteModel.php (14)
in D:\www\food\food\protected\controllers\SiteController.php (17)
in D:\www\food\food\index.php (13)
2014/05/14 09:49:55 [warning] [application] Failed to set unsafe attribute "recipe" of "UploadModel".
in D:\www\food\food\protected\models\SiteModel.php (14)
in D:\www\food\food\protected\controllers\SiteController.php (17)
in D:\www\food\food\index.php (13)
2014/05/14 09:50:15 [warning] [application] Failed to set unsafe attribute "fridge" of "UploadModel".
in D:\www\food\food\protected\models\SiteModel.php (14)
in D:\www\food\food\protected\controllers\SiteController.php (17)
in D:\www\food\food\index.php (13)
2014/05/14 09:50:15 [warning] [application] Failed to set unsafe attribute "recipe" of "UploadModel".
in D:\www\food\food\protected\models\SiteModel.php (14)
in D:\www\food\food\protected\controllers\SiteController.php (17)
in D:\www\food\food\index.php (13)
2014/05/14 09:50:40 [warning] [application] Failed to set unsafe attribute "fridge" of "UploadModel".
in D:\www\food\food\protected\models\SiteModel.php (14)
in D:\www\food\food\protected\controllers\SiteController.php (17)
in D:\www\food\food\index.php (13)
2014/05/14 09:50:40 [warning] [application] Failed to set unsafe attribute "recipe" of "UploadModel".
in D:\www\food\food\protected\models\SiteModel.php (14)
in D:\www\food\food\protected\controllers\SiteController.php (17)
in D:\www\food\food\index.php (13)
2014/05/14 09:50:59 [warning] [application] Failed to set unsafe attribute "fridge" of "UploadModel".
in D:\www\food\food\protected\models\SiteModel.php (14)
in D:\www\food\food\protected\controllers\SiteController.php (17)
in D:\www\food\food\index.php (13)
2014/05/14 09:50:59 [warning] [application] Failed to set unsafe attribute "recipe" of "UploadModel".
in D:\www\food\food\protected\models\SiteModel.php (14)
in D:\www\food\food\protected\controllers\SiteController.php (17)
in D:\www\food\food\index.php (13)
2014/05/14 09:57:10 [warning] [application] Failed to set unsafe attribute "fridge" of "UploadModel".
in D:\www\food\food\protected\models\SiteModel.php (14)
in D:\www\food\food\protected\controllers\SiteController.php (17)
in D:\www\food\food\index.php (13)
2014/05/14 09:57:10 [warning] [application] Failed to set unsafe attribute "recipe" of "UploadModel".
in D:\www\food\food\protected\models\SiteModel.php (14)
in D:\www\food\food\protected\controllers\SiteController.php (17)
in D:\www\food\food\index.php (13)
2014/05/14 09:57:10 [error] [php] explode() expects at least 2 parameters, 1 given (D:\www\food\food\protected\models\SiteModel.php:50)
Stack trace:
#0 D:\www\food\food\protected\models\SiteModel.php(22): SiteModel->findWhatToCook()
#1 D:\www\food\food\protected\controllers\SiteController.php(17): SiteModel->processForm()
#2 D:\www\food\framework\web\actions\CInlineAction.php(49): SiteController->actionIndex()
#3 D:\www\food\framework\web\CController.php(308): CInlineAction->runWithParams()
#4 D:\www\food\framework\web\CController.php(286): SiteController->runAction()
#5 D:\www\food\framework\web\CController.php(265): SiteController->runActionWithFilters()
#6 D:\www\food\framework\web\CWebApplication.php(282): SiteController->run()
#7 D:\www\food\framework\web\CWebApplication.php(141): CWebApplication->runController()
#8 D:\www\food\framework\base\CApplication.php(180): CWebApplication->processRequest()
#9 D:\www\food\food\index.php(13): CWebApplication->run()
REQUEST_URI=/food/food/
in D:\www\food\food\protected\models\SiteModel.php (50)
in D:\www\food\food\protected\models\SiteModel.php (68)
in D:\www\food\food\protected\models\SiteModel.php (22)
2014/05/14 09:57:25 [warning] [application] Failed to set unsafe attribute "fridge" of "UploadModel".
in D:\www\food\food\protected\models\SiteModel.php (14)
in D:\www\food\food\protected\controllers\SiteController.php (17)
in D:\www\food\food\index.php (13)
2014/05/14 09:57:25 [warning] [application] Failed to set unsafe attribute "recipe" of "UploadModel".
in D:\www\food\food\protected\models\SiteModel.php (14)
in D:\www\food\food\protected\controllers\SiteController.php (17)
in D:\www\food\food\index.php (13)
2014/05/14 09:58:04 [warning] [application] Failed to set unsafe attribute "fridge" of "UploadModel".
in D:\www\food\food\protected\models\SiteModel.php (14)
in D:\www\food\food\protected\controllers\SiteController.php (17)
in D:\www\food\food\index.php (13)
2014/05/14 09:58:04 [warning] [application] Failed to set unsafe attribute "recipe" of "UploadModel".
in D:\www\food\food\protected\models\SiteModel.php (14)
in D:\www\food\food\protected\controllers\SiteController.php (17)
in D:\www\food\food\index.php (13)
2014/05/14 09:58:27 [warning] [application] Failed to set unsafe attribute "fridge" of "UploadModel".
in D:\www\food\food\protected\models\SiteModel.php (14)
in D:\www\food\food\protected\controllers\SiteController.php (17)
in D:\www\food\food\index.php (13)
2014/05/14 09:58:27 [warning] [application] Failed to set unsafe attribute "recipe" of "UploadModel".
in D:\www\food\food\protected\models\SiteModel.php (14)
in D:\www\food\food\protected\controllers\SiteController.php (17)
in D:\www\food\food\index.php (13)
2014/05/14 09:58:30 [warning] [application] Failed to set unsafe attribute "fridge" of "UploadModel".
in D:\www\food\food\protected\models\SiteModel.php (14)
in D:\www\food\food\protected\controllers\SiteController.php (17)
in D:\www\food\food\index.php (13)
2014/05/14 09:58:30 [warning] [application] Failed to set unsafe attribute "recipe" of "UploadModel".
in D:\www\food\food\protected\models\SiteModel.php (14)
in D:\www\food\food\protected\controllers\SiteController.php (17)
in D:\www\food\food\index.php (13)
2014/05/14 10:02:22 [warning] [application] Failed to set unsafe attribute "fridge" of "UploadModel".
in D:\www\food\food\protected\models\SiteModel.php (14)
in D:\www\food\food\protected\controllers\SiteController.php (17)
in D:\www\food\food\index.php (13)
2014/05/14 10:02:22 [warning] [application] Failed to set unsafe attribute "recipe" of "UploadModel".
in D:\www\food\food\protected\models\SiteModel.php (14)
in D:\www\food\food\protected\controllers\SiteController.php (17)
in D:\www\food\food\index.php (13)
2014/05/14 10:02:58 [warning] [application] Failed to set unsafe attribute "fridge" of "UploadModel".
in D:\www\food\food\protected\models\SiteModel.php (14)
in D:\www\food\food\protected\controllers\SiteController.php (17)
in D:\www\food\food\index.php (13)
2014/05/14 10:02:58 [warning] [application] Failed to set unsafe attribute "recipe" of "UploadModel".
in D:\www\food\food\protected\models\SiteModel.php (14)
in D:\www\food\food\protected\controllers\SiteController.php (17)
in D:\www\food\food\index.php (13)
2014/05/14 10:06:08 [warning] [application] Failed to set unsafe attribute "fridge" of "UploadModel".
in D:\www\food\food\protected\models\SiteModel.php (14)
in D:\www\food\food\protected\controllers\SiteController.php (17)
in D:\www\food\food\index.php (13)
2014/05/14 10:06:08 [warning] [application] Failed to set unsafe attribute "recipe" of "UploadModel".
in D:\www\food\food\protected\models\SiteModel.php (14)
in D:\www\food\food\protected\controllers\SiteController.php (17)
in D:\www\food\food\index.php (13)
2014/05/14 10:06:22 [warning] [application] Failed to set unsafe attribute "fridge" of "UploadModel".
in D:\www\food\food\protected\models\SiteModel.php (14)
in D:\www\food\food\protected\controllers\SiteController.php (17)
in D:\www\food\food\index.php (13)
2014/05/14 10:06:22 [warning] [application] Failed to set unsafe attribute "recipe" of "UploadModel".
in D:\www\food\food\protected\models\SiteModel.php (14)
in D:\www\food\food\protected\controllers\SiteController.php (17)
in D:\www\food\food\index.php (13)
2014/05/14 11:29:49 [warning] [application] Failed to set unsafe attribute "fridge" of "UploadModel".
in D:\www\food\food\protected\models\SiteModel.php (14)
in D:\www\food\food\protected\controllers\SiteController.php (17)
in D:\www\food\food\index.php (13)
2014/05/14 11:29:49 [warning] [application] Failed to set unsafe attribute "recipe" of "UploadModel".
in D:\www\food\food\protected\models\SiteModel.php (14)
in D:\www\food\food\protected\controllers\SiteController.php (17)
in D:\www\food\food\index.php (13)
2014/05/14 11:29:50 [error] [php] include(DateTme.php): failed to open stream: No such file or directory (D:\www\food\framework\YiiBase.php:427)
Stack trace:
#0 D:\www\food\food\protected\models\SiteModel.php(52): spl_autoload_call()
#1 D:\www\food\food\protected\models\SiteModel.php(74): SiteModel->findMaterial()
#2 D:\www\food\food\protected\models\SiteModel.php(22): SiteModel->findWhatToCook()
#3 D:\www\food\food\protected\controllers\SiteController.php(17): SiteModel->processForm()
#4 D:\www\food\framework\web\actions\CInlineAction.php(49): SiteController->actionIndex()
#5 D:\www\food\framework\web\CController.php(308): CInlineAction->runWithParams()
#6 D:\www\food\framework\web\CController.php(286): SiteController->runAction()
#7 D:\www\food\framework\web\CController.php(265): SiteController->runActionWithFilters()
#8 D:\www\food\framework\web\CWebApplication.php(282): SiteController->run()
#9 D:\www\food\framework\web\CWebApplication.php(141): CWebApplication->runController()
#10 D:\www\food\framework\base\CApplication.php(180): CWebApplication->processRequest()
#11 D:\www\food\food\index.php(13): CWebApplication->run()
REQUEST_URI=/food/food/index.php?r=site/index
in D:\www\food\food\protected\models\SiteModel.php (52)
in D:\www\food\food\protected\models\SiteModel.php (74)
in D:\www\food\food\protected\models\SiteModel.php (22)
2014/05/14 11:30:34 [warning] [application] Failed to set unsafe attribute "fridge" of "UploadModel".
in D:\www\food\food\protected\models\SiteModel.php (14)
in D:\www\food\food\protected\controllers\SiteController.php (17)
in D:\www\food\food\index.php (13)
2014/05/14 11:30:34 [warning] [application] Failed to set unsafe attribute "recipe" of "UploadModel".
in D:\www\food\food\protected\models\SiteModel.php (14)
in D:\www\food\food\protected\controllers\SiteController.php (17)
in D:\www\food\food\index.php (13)
2014/05/14 11:30:34 [error] [php] htmlentities() expects parameter 1 to be string, array given (D:\www\food\food\protected\views\site\success.php:6)
Stack trace:
#0 D:\www\food\framework\web\CBaseController.php(95): SiteController->renderInternal()
#1 D:\www\food\framework\web\CController.php(869): SiteController->renderFile()
#2 D:\www\food\framework\web\CController.php(782): SiteController->renderPartial()
#3 D:\www\food\food\protected\controllers\SiteController.php(20): SiteController->render()
#4 D:\www\food\framework\web\actions\CInlineAction.php(49): SiteController->actionIndex()
#5 D:\www\food\framework\web\CController.php(308): CInlineAction->runWithParams()
#6 D:\www\food\framework\web\CController.php(286): SiteController->runAction()
#7 D:\www\food\framework\web\CController.php(265): SiteController->runActionWithFilters()
#8 D:\www\food\framework\web\CWebApplication.php(282): SiteController->run()
#9 D:\www\food\framework\web\CWebApplication.php(141): CWebApplication->runController()
#10 D:\www\food\framework\base\CApplication.php(180): CWebApplication->processRequest()
#11 D:\www\food\food\index.php(13): CWebApplication->run()
REQUEST_URI=/food/food/index.php?r=site/index
in D:\www\food\food\protected\views\site\success.php (6)
in D:\www\food\food\protected\controllers\SiteController.php (20)
in D:\www\food\food\index.php (13)
2014/05/14 11:32:00 [warning] [application] Failed to set unsafe attribute "fridge" of "UploadModel".
in D:\www\food\food\protected\models\SiteModel.php (14)
in D:\www\food\food\protected\controllers\SiteController.php (17)
in D:\www\food\food\index.php (13)
2014/05/14 11:32:00 [warning] [application] Failed to set unsafe attribute "recipe" of "UploadModel".
in D:\www\food\food\protected\models\SiteModel.php (14)
in D:\www\food\food\protected\controllers\SiteController.php (17)
in D:\www\food\food\index.php (13)
2014/05/14 11:32:29 [warning] [application] Failed to set unsafe attribute "fridge" of "UploadModel".
in D:\www\food\food\protected\models\SiteModel.php (14)
in D:\www\food\food\protected\controllers\SiteController.php (17)
in D:\www\food\food\index.php (13)
2014/05/14 11:32:29 [warning] [application] Failed to set unsafe attribute "recipe" of "UploadModel".
in D:\www\food\food\protected\models\SiteModel.php (14)
in D:\www\food\food\protected\controllers\SiteController.php (17)
in D:\www\food\food\index.php (13)
2014/05/14 11:40:03 [warning] [application] Failed to set unsafe attribute "fridge" of "UploadModel".
in D:\www\food\food\protected\models\SiteModel.php (14)
in D:\www\food\food\protected\controllers\SiteController.php (17)
in D:\www\food\food\index.php (13)
2014/05/14 11:40:03 [warning] [application] Failed to set unsafe attribute "recipe" of "UploadModel".
in D:\www\food\food\protected\models\SiteModel.php (14)
in D:\www\food\food\protected\controllers\SiteController.php (17)
in D:\www\food\food\index.php (13)
2014/05/14 11:40:05 [warning] [application] Failed to set unsafe attribute "fridge" of "UploadModel".
in D:\www\food\food\protected\models\SiteModel.php (14)
in D:\www\food\food\protected\controllers\SiteController.php (17)
in D:\www\food\food\index.php (13)
2014/05/14 11:40:05 [warning] [application] Failed to set unsafe attribute "recipe" of "UploadModel".
in D:\www\food\food\protected\models\SiteModel.php (14)
in D:\www\food\food\protected\controllers\SiteController.php (17)
in D:\www\food\food\index.php (13)
2014/05/14 11:40:47 [warning] [application] Failed to set unsafe attribute "fridge" of "UploadModel".
in D:\www\food\food\protected\models\SiteModel.php (14)
in D:\www\food\food\protected\controllers\SiteController.php (17)
in D:\www\food\food\index.php (13)
2014/05/14 11:40:47 [warning] [application] Failed to set unsafe attribute "recipe" of "UploadModel".
in D:\www\food\food\protected\models\SiteModel.php (14)
in D:\www\food\food\protected\controllers\SiteController.php (17)
in D:\www\food\food\index.php (13)
2014/05/14 11:40:47 [error] [php] Object of class DateTime could not be converted to string (D:\www\food\food\protected\models\SiteModel.php:50)
Stack trace:
#0 D:\www\food\food\protected\controllers\SiteController.php(17): SiteModel->processForm()
#1 D:\www\food\framework\web\actions\CInlineAction.php(49): SiteController->actionIndex()
#2 D:\www\food\framework\web\CController.php(308): CInlineAction->runWithParams()
#3 D:\www\food\framework\web\CController.php(286): SiteController->runAction()
#4 D:\www\food\framework\web\CController.php(265): SiteController->runActionWithFilters()
#5 D:\www\food\framework\web\CWebApplication.php(282): SiteController->run()
#6 D:\www\food\framework\web\CWebApplication.php(141): CWebApplication->runController()
#7 D:\www\food\framework\base\CApplication.php(180): CWebApplication->processRequest()
#8 D:\www\food\food\index.php(13): CWebApplication->run()
REQUEST_URI=/food/food/index.php?r=site/index
in D:\www\food\food\protected\models\SiteModel.php (50)
in D:\www\food\food\protected\models\SiteModel.php (71)
in D:\www\food\food\protected\models\SiteModel.php (22)
2014/05/14 11:41:33 [warning] [application] Failed to set unsafe attribute "fridge" of "UploadModel".
in D:\www\food\food\protected\models\SiteModel.php (14)
in D:\www\food\food\protected\controllers\SiteController.php (17)
in D:\www\food\food\index.php (13)
2014/05/14 11:41:33 [warning] [application] Failed to set unsafe attribute "recipe" of "UploadModel".
in D:\www\food\food\protected\models\SiteModel.php (14)
in D:\www\food\food\protected\controllers\SiteController.php (17)
in D:\www\food\food\index.php (13)
2014/05/14 11:41:53 [warning] [application] Failed to set unsafe attribute "fridge" of "UploadModel".
in D:\www\food\food\protected\models\SiteModel.php (14)
in D:\www\food\food\protected\controllers\SiteController.php (17)
in D:\www\food\food\index.php (13)
2014/05/14 11:41:53 [warning] [application] Failed to set unsafe attribute "recipe" of "UploadModel".
in D:\www\food\food\protected\models\SiteModel.php (14)
in D:\www\food\food\protected\controllers\SiteController.php (17)
in D:\www\food\food\index.php (13)
2014/05/14 11:42:41 [warning] [application] Failed to set unsafe attribute "fridge" of "UploadModel".
in D:\www\food\food\protected\models\SiteModel.php (14)
in D:\www\food\food\protected\controllers\SiteController.php (17)
in D:\www\food\food\index.php (13)
2014/05/14 11:42:41 [warning] [application] Failed to set unsafe attribute "recipe" of "UploadModel".
in D:\www\food\food\protected\models\SiteModel.php (14)
in D:\www\food\food\protected\controllers\SiteController.php (17)
in D:\www\food\food\index.php (13)
2014/05/14 11:43:33 [warning] [application] Failed to set unsafe attribute "fridge" of "UploadModel".
in D:\www\food\food\protected\models\SiteModel.php (14)
in D:\www\food\food\protected\controllers\SiteController.php (17)
in D:\www\food\food\index.php (13)
2014/05/14 11:43:33 [warning] [application] Failed to set unsafe attribute "recipe" of "UploadModel".
in D:\www\food\food\protected\models\SiteModel.php (14)
in D:\www\food\food\protected\controllers\SiteController.php (17)
in D:\www\food\food\index.php (13)
2014/05/14 11:43:50 [warning] [application] Failed to set unsafe attribute "fridge" of "UploadModel".
in D:\www\food\food\protected\models\SiteModel.php (14)
in D:\www\food\food\protected\controllers\SiteController.php (17)
in D:\www\food\food\index.php (13)
2014/05/14 11:43:50 [warning] [application] Failed to set unsafe attribute "recipe" of "UploadModel".
in D:\www\food\food\protected\models\SiteModel.php (14)
in D:\www\food\food\protected\controllers\SiteController.php (17)
in D:\www\food\food\index.php (13)
2014/05/14 11:44:04 [warning] [application] Failed to set unsafe attribute "fridge" of "UploadModel".
in D:\www\food\food\protected\models\SiteModel.php (14)
in D:\www\food\food\protected\controllers\SiteController.php (17)
in D:\www\food\food\index.php (13)
2014/05/14 11:44:04 [warning] [application] Failed to set unsafe attribute "recipe" of "UploadModel".
in D:\www\food\food\protected\models\SiteModel.php (14)
in D:\www\food\food\protected\controllers\SiteController.php (17)
in D:\www\food\food\index.php (13)
2014/05/14 11:55:29 [warning] [application] Failed to set unsafe attribute "fridge" of "UploadModel".
in D:\www\food\food\protected\models\SiteModel.php (14)
in D:\www\food\food\protected\controllers\SiteController.php (17)
in D:\www\food\food\index.php (13)
2014/05/14 11:55:29 [warning] [application] Failed to set unsafe attribute "recipe" of "UploadModel".
in D:\www\food\food\protected\models\SiteModel.php (14)
in D:\www\food\food\protected\controllers\SiteController.php (17)
in D:\www\food\food\index.php (13)
2014/05/14 14:09:39 [warning] [application] Failed to set unsafe attribute "fridge" of "UploadModel".
in D:\www\food\food\protected\models\SiteModel.php (19)
in D:\www\food\food\protected\controllers\SiteController.php (17)
in D:\www\food\food\index.php (13)
2014/05/14 14:09:39 [warning] [application] Failed to set unsafe attribute "recipe" of "UploadModel".
in D:\www\food\food\protected\models\SiteModel.php (19)
in D:\www\food\food\protected\controllers\SiteController.php (17)
in D:\www\food\food\index.php (13)
2014/05/14 14:09:39 [error] [php] Trying to get property of non-object (D:\www\food\food\protected\models\SiteModel.php:25)
Stack trace:
#0 D:\www\food\framework\web\CController.php(308): CInlineAction->runWithParams()
#1 D:\www\food\framework\web\CController.php(286): SiteController->runAction()
#2 D:\www\food\framework\web\CController.php(265): SiteController->runActionWithFilters()
#3 D:\www\food\framework\web\CWebApplication.php(282): SiteController->run()
#4 D:\www\food\framework\web\CWebApplication.php(141): CWebApplication->runController()
#5 D:\www\food\framework\base\CApplication.php(180): CWebApplication->processRequest()
#6 D:\www\food\food\index.php(13): CWebApplication->run()
REQUEST_URI=/food/food/index.php?r=site/index
in D:\www\food\food\protected\models\SiteModel.php (25)
in D:\www\food\food\protected\controllers\SiteController.php (17)
in D:\www\food\food\index.php (13)
2014/05/14 14:10:04 [warning] [application] Failed to set unsafe attribute "fridge" of "UploadModel".
in D:\www\food\food\protected\models\SiteModel.php (19)
in D:\www\food\food\protected\controllers\SiteController.php (17)
in D:\www\food\food\index.php (13)
2014/05/14 14:10:04 [warning] [application] Failed to set unsafe attribute "recipe" of "UploadModel".
in D:\www\food\food\protected\models\SiteModel.php (19)
in D:\www\food\food\protected\controllers\SiteController.php (17)
in D:\www\food\food\index.php (13)
2014/05/14 14:10:04 [error] [php] Trying to get property of non-object (D:\www\food\food\protected\models\SiteModel.php:25)
Stack trace:
#0 D:\www\food\framework\web\CController.php(308): CInlineAction->runWithParams()
#1 D:\www\food\framework\web\CController.php(286): SiteController->runAction()
#2 D:\www\food\framework\web\CController.php(265): SiteController->runActionWithFilters()
#3 D:\www\food\framework\web\CWebApplication.php(282): SiteController->run()
#4 D:\www\food\framework\web\CWebApplication.php(141): CWebApplication->runController()
#5 D:\www\food\framework\base\CApplication.php(180): CWebApplication->processRequest()
#6 D:\www\food\food\index.php(13): CWebApplication->run()
REQUEST_URI=/food/food/index.php?r=site/index
in D:\www\food\food\protected\models\SiteModel.php (25)
in D:\www\food\food\protected\controllers\SiteController.php (17)
in D:\www\food\food\index.php (13)
2014/05/14 14:16:12 [warning] [application] Failed to set unsafe attribute "fridge" of "UploadModel".
in D:\www\food\food\protected\models\SiteModel.php (19)
in D:\www\food\food\protected\controllers\SiteController.php (17)
in D:\www\food\food\index.php (13)
2014/05/14 14:16:12 [warning] [application] Failed to set unsafe attribute "recipe" of "UploadModel".
in D:\www\food\food\protected\models\SiteModel.php (19)
in D:\www\food\food\protected\controllers\SiteController.php (17)
in D:\www\food\food\index.php (13)
2014/05/14 14:16:14 [warning] [application] Failed to set unsafe attribute "fridge" of "UploadModel".
in D:\www\food\food\protected\models\SiteModel.php (19)
in D:\www\food\food\protected\controllers\SiteController.php (17)
in D:\www\food\food\index.php (13)
2014/05/14 14:16:14 [warning] [application] Failed to set unsafe attribute "recipe" of "UploadModel".
in D:\www\food\food\protected\models\SiteModel.php (19)
in D:\www\food\food\protected\controllers\SiteController.php (17)
in D:\www\food\food\index.php (13)
2014/05/14 14:16:31 [warning] [application] Failed to set unsafe attribute "fridge" of "UploadModel".
in D:\www\food\food\protected\models\SiteModel.php (19)
in D:\www\food\food\protected\controllers\SiteController.php (17)
in D:\www\food\food\index.php (13)
2014/05/14 14:16:31 [warning] [application] Failed to set unsafe attribute "recipe" of "UploadModel".
in D:\www\food\food\protected\models\SiteModel.php (19)
in D:\www\food\food\protected\controllers\SiteController.php (17)
in D:\www\food\food\index.php (13)
2014/05/14 14:16:41 [warning] [application] Failed to set unsafe attribute "fridge" of "UploadModel".
in D:\www\food\food\protected\models\SiteModel.php (19)
in D:\www\food\food\protected\controllers\SiteController.php (17)
in D:\www\food\food\index.php (13)
2014/05/14 14:16:41 [warning] [application] Failed to set unsafe attribute "recipe" of "UploadModel".
in D:\www\food\food\protected\models\SiteModel.php (19)
in D:\www\food\food\protected\controllers\SiteController.php (17)
in D:\www\food\food\index.php (13)
2014/05/14 14:16:42 [warning] [application] Failed to set unsafe attribute "fridge" of "UploadModel".
in D:\www\food\food\protected\models\SiteModel.php (19)
in D:\www\food\food\protected\controllers\SiteController.php (17)
in D:\www\food\food\index.php (13)
2014/05/14 14:16:42 [warning] [application] Failed to set unsafe attribute "recipe" of "UploadModel".
in D:\www\food\food\protected\models\SiteModel.php (19)
in D:\www\food\food\protected\controllers\SiteController.php (17)
in D:\www\food\food\index.php (13)
2014/05/14 14:17:16 [warning] [application] Failed to set unsafe attribute "fridge" of "UploadModel".
in D:\www\food\food\protected\models\SiteModel.php (19)
in D:\www\food\food\protected\controllers\SiteController.php (17)
in D:\www\food\food\index.php (13)
2014/05/14 14:17:16 [warning] [application] Failed to set unsafe attribute "recipe" of "UploadModel".
in D:\www\food\food\protected\models\SiteModel.php (19)
in D:\www\food\food\protected\controllers\SiteController.php (17)
in D:\www\food\food\index.php (13)
2014/05/14 14:17:18 [warning] [application] Failed to set unsafe attribute "fridge" of "UploadModel".
in D:\www\food\food\protected\models\SiteModel.php (19)
in D:\www\food\food\protected\controllers\SiteController.php (17)
in D:\www\food\food\index.php (13)
2014/05/14 14:17:18 [warning] [application] Failed to set unsafe attribute "recipe" of "UploadModel".
in D:\www\food\food\protected\models\SiteModel.php (19)
in D:\www\food\food\protected\controllers\SiteController.php (17)
in D:\www\food\food\index.php (13)
2014/05/14 14:18:12 [warning] [application] Failed to set unsafe attribute "fridge" of "UploadModel".
in D:\www\food\food\protected\models\SiteModel.php (19)
in D:\www\food\food\protected\controllers\SiteController.php (17)
in D:\www\food\food\index.php (13)
2014/05/14 14:18:12 [warning] [application] Failed to set unsafe attribute "recipe" of "UploadModel".
in D:\www\food\food\protected\models\SiteModel.php (19)
in D:\www\food\food\protected\controllers\SiteController.php (17)
in D:\www\food\food\index.php (13)
2014/05/14 14:22:52 [warning] [application] Failed to set unsafe attribute "fridge" of "UploadModel".
in D:\www\food\food\protected\models\SiteModel.php (19)
in D:\www\food\food\protected\controllers\SiteController.php (17)
in D:\www\food\food\index.php (13)
2014/05/14 14:22:52 [warning] [application] Failed to set unsafe attribute "recipe" of "UploadModel".
in D:\www\food\food\protected\models\SiteModel.php (19)
in D:\www\food\food\protected\controllers\SiteController.php (17)
in D:\www\food\food\index.php (13)
2014/05/14 14:22:52 [error] [php] Array to string conversion (D:\www\food\food\protected\views\site\index.php:6)
Stack trace:
#0 D:\www\food\framework\web\CController.php(869): SiteController->renderFile()
#1 D:\www\food\framework\web\CController.php(782): SiteController->renderPartial()
#2 D:\www\food\food\protected\controllers\SiteController.php(24): SiteController->render()
#3 D:\www\food\framework\web\actions\CInlineAction.php(49): SiteController->actionIndex()
#4 D:\www\food\framework\web\CController.php(308): CInlineAction->runWithParams()
#5 D:\www\food\framework\web\CController.php(286): SiteController->runAction()
#6 D:\www\food\framework\web\CController.php(265): SiteController->runActionWithFilters()
#7 D:\www\food\framework\web\CWebApplication.php(282): SiteController->run()
#8 D:\www\food\framework\web\CWebApplication.php(141): CWebApplication->runController()
#9 D:\www\food\framework\base\CApplication.php(180): CWebApplication->processRequest()
#10 D:\www\food\food\index.php(13): CWebApplication->run()
REQUEST_URI=/food/food/index.php?r=site/index
in D:\www\food\food\protected\views\site\index.php (6)
in D:\www\food\food\protected\controllers\SiteController.php (24)
in D:\www\food\food\index.php (13)
2014/05/14 14:23:07 [warning] [application] Failed to set unsafe attribute "fridge" of "UploadModel".
in D:\www\food\food\protected\models\SiteModel.php (19)
in D:\www\food\food\protected\controllers\SiteController.php (17)
in D:\www\food\food\index.php (13)
2014/05/14 14:23:07 [warning] [application] Failed to set unsafe attribute "recipe" of "UploadModel".
in D:\www\food\food\protected\models\SiteModel.php (19)
in D:\www\food\food\protected\controllers\SiteController.php (17)
in D:\www\food\food\index.php (13)
2014/05/14 14:23:13 [warning] [application] Failed to set unsafe attribute "fridge" of "UploadModel".
in D:\www\food\food\protected\models\SiteModel.php (19)
in D:\www\food\food\protected\controllers\SiteController.php (17)
in D:\www\food\food\index.php (13)
2014/05/14 14:23:13 [warning] [application] Failed to set unsafe attribute "recipe" of "UploadModel".
in D:\www\food\food\protected\models\SiteModel.php (19)
in D:\www\food\food\protected\controllers\SiteController.php (17)
in D:\www\food\food\index.php (13)
2014/05/14 14:23:19 [warning] [application] Failed to set unsafe attribute "fridge" of "UploadModel".
in D:\www\food\food\protected\models\SiteModel.php (19)
in D:\www\food\food\protected\controllers\SiteController.php (17)
in D:\www\food\food\index.php (13)
2014/05/14 14:23:19 [warning] [application] Failed to set unsafe attribute "recipe" of "UploadModel".
in D:\www\food\food\protected\models\SiteModel.php (19)
in D:\www\food\food\protected\controllers\SiteController.php (17)
in D:\www\food\food\index.php (13)
2014/05/14 14:23:29 [warning] [application] Failed to set unsafe attribute "fridge" of "UploadModel".
in D:\www\food\food\protected\models\SiteModel.php (19)
in D:\www\food\food\protected\controllers\SiteController.php (17)
in D:\www\food\food\index.php (13)
2014/05/14 14:23:29 [warning] [application] Failed to set unsafe attribute "recipe" of "UploadModel".
in D:\www\food\food\protected\models\SiteModel.php (19)
in D:\www\food\food\protected\controllers\SiteController.php (17)
in D:\www\food\food\index.php (13)
2014/05/14 14:25:32 [warning] [application] Failed to set unsafe attribute "fridge" of "UploadModel".
in D:\www\food\food\protected\models\SiteModel.php (18)
in D:\www\food\food\protected\controllers\SiteController.php (18)
in D:\www\food\food\index.php (13)
2014/05/14 14:25:32 [warning] [application] Failed to set unsafe attribute "recipe" of "UploadModel".
in D:\www\food\food\protected\models\SiteModel.php (18)
in D:\www\food\food\protected\controllers\SiteController.php (18)
in D:\www\food\food\index.php (13)
2014/05/14 14:25:41 [warning] [application] Failed to set unsafe attribute "fridge" of "UploadModel".
in D:\www\food\food\protected\models\SiteModel.php (18)
in D:\www\food\food\protected\controllers\SiteController.php (18)
in D:\www\food\food\index.php (13)
2014/05/14 14:25:41 [warning] [application] Failed to set unsafe attribute "recipe" of "UploadModel".
in D:\www\food\food\protected\models\SiteModel.php (18)
in D:\www\food\food\protected\controllers\SiteController.php (18)
in D:\www\food\food\index.php (13)
